2014-07-14 22:38:23.841 HelloCordova[11736:70b] Multi-tasking -> Device: YES, App: YES
2014-07-14 22:38:24.141 HelloCordova[11736:70b] Unlimited access to network resources
2014-07-14 22:38:28.223 HelloCordova[11736:70b] [CDVTimer][statusbar] 340.083957ms
2014-07-14 22:38:28.223 HelloCordova[11736:70b] [CDVTimer][TotalPluginStartup] 340.932965ms
2014-07-14 22:38:29.052 HelloCordova[11736:70b] Resetting plugins due to page load.
2014-07-14 22:38:30.311 HelloCordova[11736:70b] Finished load of: file:///Users/danielpetkevich/Library/Application%20Support/iPhone%20Simulator/7.1/Applications/534B1F79-9D1F-4FD8-B8D9-4AFA78F08ADA/HelloCordova.app/www/index.html
2014-07-15 08:54:20.717 HelloCordova[16027:70b] Multi-tasking -> Device: YES, App: YES
2014-07-15 08:54:20.871 HelloCordova[16027:70b] Unlimited access to network resources
2014-07-15 08:54:21.469 HelloCordova[16027:70b] [CDVTimer][statusbar] 371.387959ms
2014-07-15 08:54:21.470 HelloCordova[16027:70b] [CDVTimer][TotalPluginStartup] 372.024000ms
2014-07-15 08:54:32.582 HelloCordova[16029:70b] Multi-tasking -> Device: YES, App: YES
2014-07-15 08:54:32.608 HelloCordova[16029:70b] Unlimited access to network resources
2014-07-15 08:54:32.917 HelloCordova[16029:70b] [CDVTimer][statusbar] 283.715010ms
2014-07-15 08:54:32.917 HelloCordova[16029:70b] [CDVTimer][TotalPluginStartup] 284.564018ms
2014-07-15 08:54:33.421 HelloCordova[16029:70b] Resetting plugins due to page load.
2014-07-15 08:54:34.851 HelloCordova[16029:70b] Finished load of: file:///Users/danielpetkevich/Library/Application%20Support/iPhone%20Simulator/7.1/Applications/534B1F79-9D1F-4FD8-B8D9-4AFA78F08ADA/HelloCordova.app/www/index.html
2014-07-15 09:08:39.029 HelloCordova[17088:70b] Multi-tasking -> Device: YES, App: YES
2014-07-15 09:08:39.604 HelloCordova[17088:70b] Unlimited access to network resources
2014-07-15 09:08:41.091 HelloCordova[17088:70b] [CDVTimer][statusbar] 1297.627985ms
2014-07-15 09:08:41.091 HelloCordova[17088:70b] [CDVTimer][TotalPluginStartup] 1298.267007ms
2014-07-15 09:08:45.202 HelloCordova[17088:70b] Resetting plugins due to page load.
2014-07-15 09:08:47.606 HelloCordova[17088:70b] Finished load of: file:///Users/danielpetkevich/Library/Application%20Support/iPhone%20Simulator/7.1/Applications/FE7E773F-13F8-44D7-8034-106E56902800/HelloCordova.app/www/index.html
2014-07-15 12:48:18.022 Demo[17817:70b] Multi-tasking -> Device: YES, App: YES
2014-07-15 12:48:19.071 Demo[17817:70b] 

Started backup to iCloud! Please be careful.
Your application might rejected by Apple if you store too much data.
For more information please read "iOS Data Storage Guidelines"
You could find it at the following address https://developer.apple.com/icloud/documentation/data-storage/ .

2014-07-15 12:48:20.751 Demo[17817:70b] [CDVTimer][statusbar] 868.993998ms
2014-07-15 12:48:20.752 Demo[17817:70b] [CDVTimer][TotalPluginStartup] 869.790971ms
2014-07-15 12:48:21.256 Demo[17817:70b] Resetting plugins due to page load.
2014-07-15 12:48:21.720 Demo[17817:70b] Finished load of: file:///Users/danielpetkevich/Library/Application%20Support/iPhone%20Simulator/7.1/Applications/40F66FDD-286A-4722-B25A-2D9F38BDB51A/Demo.app/www/index.html
2014-07-15 12:48:41.624 Demo[17817:4303] void SendDelegateMessage(NSInvocation *): delegate (webView:runJavaScriptAlertPanelWithMessage:initiatedByFrame:) failed to return after waiting 10 seconds. main run loop mode: kCFRunLoopDefaultMode
2014-07-15 13:37:38.177 StarterApp[18759:70b] Multi-tasking -> Device: YES, App: YES
2014-07-15 13:37:38.202 StarterApp[18759:70b] Unlimited access to network resources
2014-07-15 13:37:38.207 StarterApp[18759:70b] Fix applied for database locations?: YES
2014-07-15 13:37:38.208 StarterApp[18759:70b] 

Started backup to iCloud! Please be careful.
Your application might rejected by Apple if you store too much data.
For more information please read "iOS Data Storage Guidelines"
You could find it at the following address https://developer.apple.com/icloud/documentation/data-storage/ .

2014-07-15 13:37:38.350 StarterApp[18759:70b] [CDVTimer][statusbar] 120.764017ms
2014-07-15 13:37:38.350 StarterApp[18759:70b] [CDVTimer][TotalPluginStartup] 121.481001ms
2014-07-15 13:37:38.843 StarterApp[18759:70b] Resetting plugins due to page load.
2014-07-15 13:37:39.477 StarterApp[18759:70b] Finished load of: file:///Users/danielpetkevich/Library/Application%20Support/iPhone%20Simulator/7.1/Applications/B16A4D05-87B2-4793-B6A3-C2B190FDA53C/StarterApp.app/www/index.html
